[0m12:40:15.493198 [debug] [MainThread]: Sending event: {'category': 'dbt', 'action': 'invocation', 'label': 'start', 'context': [<snowplow_tracker.self_describing_json.SelfDescribingJson object at 0x7fbe9046f760>, <snowplow_tracker.self_describing_json.SelfDescribingJson object at 0x7fbe905dab30>, <snowplow_tracker.self_describing_json.SelfDescribingJson object at 0x7fbe905da410>]}


============================== 12:40:15.498847 | f00dbfc4-a23c-4d31-9440-e04343a8a2bb ==============================
[0m12:40:15.498847 [info ] [MainThread]: Running with dbt=1.6.5
[0m12:40:15.499434 [debug] [MainThread]: running dbt with arguments {'printer_width': '80', 'indirect_selection': 'eager', 'log_cache_events': 'False', 'write_json': 'True', 'partial_parse': 'True', 'cache_selected_only': 'False', 'warn_error': 'None', 'fail_fast': 'False', 'version_check': 'True', 'log_path': 'logs', 'debug': 'False', 'profiles_dir': '/Users/cooperwhite/.dbt', 'use_colors': 'True', 'use_experimental_parser': 'False', 'no_print': 'None', 'quiet': 'False', 'warn_error_options': 'WarnErrorOptions(include=[], exclude=[])', 'introspect': 'True', 'invocation_command': 'dbt init', 'log_format': 'default', 'target_path': 'None', 'static_parser': 'True', 'send_anonymous_usage_stats': 'True'}
[0m12:40:20.286420 [debug] [MainThread]: Starter project path: /Users/cooperwhite/miniconda3/envs/dagster/lib/python3.10/site-packages/dbt/include/starter_project
[0m12:40:20.293363 [info ] [MainThread]: 
Your new dbt project "dbt_realtor" was created!

For more information on how to configure the profiles.yml file,
please consult the dbt documentation here:

  https://docs.getdbt.com/docs/configure-your-profile

One more thing:

Need help? Don't hesitate to reach out to us via GitHub issues or on Slack:

  https://community.getdbt.com/

Happy modeling!

[0m12:40:20.293945 [info ] [MainThread]: Setting up your profile.
[0m12:40:21.944967 [info ] [MainThread]: No sample profile found for duckdb.
[0m12:40:21.945814 [debug] [MainThread]: Command `dbt init` succeeded at 12:40:21.945553 after 6.51 seconds
[0m12:40:21.946121 [debug] [MainThread]: Sending event: {'category': 'dbt', 'action': 'invocation', 'label': 'end', 'context': [<snowplow_tracker.self_describing_json.SelfDescribingJson object at 0x7fbe9046f760>, <snowplow_tracker.self_describing_json.SelfDescribingJson object at 0x7fbe905dab90>, <snowplow_tracker.self_describing_json.SelfDescribingJson object at 0x7fbe905da8f0>]}
[0m12:40:21.946440 [debug] [MainThread]: Flushing usage events
[0m12:43:59.665878 [debug] [MainThread]: Sending event: {'category': 'dbt', 'action': 'invocation', 'label': 'start', 'context': [<snowplow_tracker.self_describing_json.SelfDescribingJson object at 0x7fb648237790>, <snowplow_tracker.self_describing_json.SelfDescribingJson object at 0x7fb668cd2b60>, <snowplow_tracker.self_describing_json.SelfDescribingJson object at 0x7fb668cd2440>]}


============================== 12:43:59.670128 | 9882b3ee-cad1-4134-8c57-9de51551d377 ==============================
[0m12:43:59.670128 [info ] [MainThread]: Running with dbt=1.6.5
[0m12:43:59.670612 [debug] [MainThread]: running dbt with arguments {'printer_width': '80', 'indirect_selection': 'eager', 'log_cache_events': 'False', 'write_json': 'True', 'partial_parse': 'True', 'cache_selected_only': 'False', 'warn_error': 'None', 'version_check': 'True', 'fail_fast': 'False', 'log_path': 'logs', 'debug': 'False', 'profiles_dir': '/Users/cooperwhite/.dbt', 'use_colors': 'True', 'use_experimental_parser': 'False', 'no_print': 'None', 'quiet': 'False', 'log_format': 'default', 'invocation_command': 'dbt run', 'introspect': 'True', 'static_parser': 'True', 'target_path': 'None', 'warn_error_options': 'WarnErrorOptions(include=[], exclude=[])', 'send_anonymous_usage_stats': 'True'}
[0m12:43:59.671102 [error] [MainThread]: Encountered an error:
Runtime Error
  No dbt_project.yml found at expected path /Users/cooperwhite/Documents/Projects/dagster/realtor-dagster-dbt/dbt_project.yml
  Verify that each entry within packages.yml (and their transitive dependencies) contains a file named dbt_project.yml
  
[0m12:43:59.671942 [debug] [MainThread]: Command `dbt run` failed at 12:43:59.671618 after 0.04 seconds
[0m12:43:59.672256 [debug] [MainThread]: Sending event: {'category': 'dbt', 'action': 'invocation', 'label': 'end', 'context': [<snowplow_tracker.self_describing_json.SelfDescribingJson object at 0x7fb648237790>, <snowplow_tracker.self_describing_json.SelfDescribingJson object at 0x7fb668cd2860>, <snowplow_tracker.self_describing_json.SelfDescribingJson object at 0x7fb668cd2d40>]}
[0m12:43:59.672548 [debug] [MainThread]: Flushing usage events
