[32m2023-10-09 14:12:10 +1100[0m - dagster - [34mDEBUG[0m - __ASSET_JOB - 5f0a36d5-3dd0-4a08-a5aa-4126d366d21c - 82955 - LOGS_CAPTURED - Started capturing logs in process (pid: 82955).
[32m2023-10-09 14:12:10 +1100[0m - dagster - [34mDEBUG[0m - __ASSET_JOB - 5f0a36d5-3dd0-4a08-a5aa-4126d366d21c - 82955 - dbt_project_assets - STEP_START - Started execution of step "dbt_project_assets".
[32m2023-10-09 14:12:10 +1100[0m - dagster - [34mINFO[0m - __ASSET_JOB - 5f0a36d5-3dd0-4a08-a5aa-4126d366d21c - dbt_project_assets - A dbt subsetted execution is not being performed. Using the default dbt selection arguments `['--select', 'fqn:*']`.
[32m2023-10-09 14:12:10 +1100[0m - dagster - [34mINFO[0m - __ASSET_JOB - 5f0a36d5-3dd0-4a08-a5aa-4126d366d21c - dbt_project_assets - Copying `/Users/cooperwhite/Documents/Projects/dagster/realtor-dagster-dbt/dbt_realtor/target/partial_parse.msgpack` to `/Users/cooperwhite/Documents/Projects/dagster/realtor-dagster-dbt/dbt_realtor/target/dbt_project_assets-5f0a36d-d704268/partial_parse.msgpack` to take advantage of partial parsing.
[32m2023-10-09 14:12:10 +1100[0m - dagster - [34mINFO[0m - __ASSET_JOB - 5f0a36d5-3dd0-4a08-a5aa-4126d366d21c - dbt_project_assets - Running dbt command: `dbt build --select fqn:*`.
[32m2023-10-09 14:12:12 +1100[0m - dagster - [34mERROR[0m - [31m__ASSET_JOB - 5f0a36d5-3dd0-4a08-a5aa-4126d366d21c - 82955 - dbt_project_assets - STEP_FAILURE - Execution of step "dbt_project_assets" failed.

dagster_dbt.errors.DagsterDbtCliRuntimeError: The dbt CLI process failed with exit code 1. Check the Dagster compute logs for the full information about the error, or view the dbt debug log file: /Users/cooperwhite/Documents/Projects/dagster/realtor-dagster-dbt/dbt_realtor/target/dbt_project_assets-5f0a36d-d704268/dbt.log.

Stack Trace:
  File "/Users/cooperwhite/miniconda3/envs/dagster/lib/python3.10/site-packages/dagster/_core/execution/plan/execute_plan.py", line 273, in dagster_event_sequence_for_step
    for step_event in check.generator(step_events):
  File "/Users/cooperwhite/miniconda3/envs/dagster/lib/python3.10/site-packages/dagster/_core/execution/plan/execute_step.py", line 475, in core_dagster_event_sequence_for_step
    for user_event in _step_output_error_checked_user_event_sequence(
  File "/Users/cooperwhite/miniconda3/envs/dagster/lib/python3.10/site-packages/dagster/_core/execution/plan/execute_step.py", line 158, in _step_output_error_checked_user_event_sequence
    for user_event in user_event_sequence:
  File "/Users/cooperwhite/miniconda3/envs/dagster/lib/python3.10/site-packages/dagster/_core/execution/plan/execute_step.py", line 93, in _process_asset_results_to_events
    for user_event in user_event_sequence:
  File "/Users/cooperwhite/miniconda3/envs/dagster/lib/python3.10/site-packages/dagster/_core/execution/plan/compute.py", line 204, in execute_core_compute
    for step_output in _yield_compute_results(step_context, inputs, compute_fn):
  File "/Users/cooperwhite/miniconda3/envs/dagster/lib/python3.10/site-packages/dagster/_core/execution/plan/compute.py", line 173, in _yield_compute_results
    for event in iterate_with_context(
  File "/Users/cooperwhite/miniconda3/envs/dagster/lib/python3.10/site-packages/dagster/_utils/__init__.py", line 443, in iterate_with_context
    next_output = next(iterator)
  File "/Users/cooperwhite/Documents/Projects/dagster/realtor-dagster-dbt/realtor_dagster_dbt/assets/dbt/__init__.py", line 36, in dbt_project_assets
    yield from dbt.cli(["build"], context=context).stream()
  File "/Users/cooperwhite/miniconda3/envs/dagster/lib/python3.10/site-packages/dagster_dbt/core/resources_v2.py", line 334, in stream
    for event in self.stream_raw_events():
  File "/Users/cooperwhite/miniconda3/envs/dagster/lib/python3.10/site-packages/dagster_dbt/core/resources_v2.py", line 363, in stream_raw_events
    self._raise_on_error()
  File "/Users/cooperwhite/miniconda3/envs/dagster/lib/python3.10/site-packages/dagster_dbt/core/resources_v2.py", line 406, in _raise_on_error
    raise DagsterDbtCliRuntimeError(
[0m
